# JRE version: OpenJDK Runtime Environment Microsoft-13053607 (25.0.2+10) (build 25.0.2+10-LTS)
# Java VM: OpenJDK 64-Bit Server VM Microsoft-13053607 (25.0.2+10-LTS, mixed mode, sharing, tiered, compressed oops, compressed class ptrs, parallel gc, windows-amd64)
GC Precious Log:
 CardTable entry size: 512
 CPUs: 12 total, 12 available
 Memory: 16173M
 Large Page Support: Disabled
 NUMA Support: Disabled
 Compressed Oops: Enabled (32-bit)
 Alignments: Space 512K, Generation 512K, Heap 2M
 Heap Min Capacity: 100M
 Heap Initial Capacity: 100M
 Heap Max Capacity: 2G
 Pre-touch: Disabled
 Parallel Workers: 10
Heap:
 PSYoungGen      total 35328K, used 15963K [0x00000000d5580000, 0x00000000d7f00000, 0x0000000100000000)
  eden space 30720K, 38% used [0x00000000d5580000,0x00000000d6114ba8,0x00000000d7380000)
  from space 4608K, 89% used [0x00000000d7a80000,0x00000000d7e82080,0x00000000d7f00000)
  to   space 4608K, 0% used [0x00000000d7600000,0x00000000d7600000,0x00000000d7a80000)
 ParOldGen       total 161792K, used 161660K [0x0000000080000000, 0x0000000089e00000, 0x00000000d5580000)
  object space 161792K, 99% used [0x0000000080000000,0x0000000089ddf070,0x0000000089e00000)
GC Heap Usage History (20 events):
Event: 33.495 {heap Before GC invocations=112 (full 3):
 PSYoungGen      total 29184K, used 29184K [0x00000000d5580000, 0x00000000d7900000, 0x0000000100000000)
  eden space 27136K, 100% used [0x00000000d5580000,0x00000000d7000000,0x00000000d7000000)
  from space 2048K, 100% used [0x00000000d7700000,0x00000000d7900000,0x00000000d7900000)
  to   space 3584K, 0% used [0x00000000d7200000,0x00000000d7200000,0x00000000d7580000)
 ParOldGen       total 148480K, used 148073K [0x0000000080000000, 0x0000000089100000, 0x00000000d55Event: 33.497 {heap After GC invocations=112 (full 3):
 PSYoungGen      total 32768K, used 1664K [0x00000000d5580000, 0x00000000d7780000, 0x0000000100000000)
  eden space 29184K, 0% used [0x00000000d5580000,0x00000000d5580000,0x00000000d7200000)
  from space 3584K, 46% used [0x00000000d7200000,0x00000000d73a0000,0x00000000d7580000)
  to   space 2048K, 0% used [0x00000000d7580000,0x00000000d7580000,0x00000000d7780000)
 ParOldGen       total 150016K, used 149951K [0x0000000080000000, 0x0000000089280000, 0x00000000d5580000Event: 33.665 {heap Before GC invocations=113 (full 3):
 PSYoungGen      total 32768K, used 30848K [0x00000000d5580000, 0x00000000d7780000, 0x0000000100000000)
  eden space 29184K, 100% used [0x00000000d5580000,0x00000000d7200000,0x00000000d7200000)
  from space 3584K, 46% used [0x00000000d7200000,0x00000000d73a0000,0x00000000d7580000)
  to   space 2048K, 0% used [0x00000000d7580000,0x00000000d7580000,0x00000000d7780000)
 ParOldGen       total 150016K, used 149951K [0x0000000080000000, 0x0000000089280000, 0x00000000d558Event: 33.667 {heap After GC invocations=113 (full 3):
 PSYoungGen      total 32768K, used 1312K [0x00000000d5580000, 0x00000000d7700000, 0x0000000100000000)
  eden space 31232K, 0% used [0x00000000d5580000,0x00000000d5580000,0x00000000d7400000)
  from space 1536K, 85% used [0x00000000d7580000,0x00000000d76c8000,0x00000000d7700000)
  to   space 1536K, 0% used [0x00000000d7400000,0x00000000d7400000,0x00000000d7580000)
 ParOldGen       total 151040K, used 150983K [0x0000000080000000, 0x0000000089380000, 0x00000000d5580000Event: 35.458 {heap Before GC invocations=114 (full 3):
 PSYoungGen      total 32768K, used 32544K [0x00000000d5580000, 0x00000000d7700000, 0x0000000100000000)
  eden space 31232K, 100% used [0x00000000d5580000,0x00000000d7400000,0x00000000d7400000)
  from space 1536K, 85% used [0x00000000d7580000,0x00000000d76c8000,0x00000000d7700000)
  to   space 1536K, 0% used [0x00000000d7400000,0x00000000d7400000,0x00000000d7580000)
 ParOldGen       total 151040K, used 150983K [0x0000000080000000, 0x0000000089380000, 0x00000000d558Event: 35.460 {heap After GC invocations=114 (full 3):
 PSYoungGen      total 32768K, used 1270K [0x00000000d5580000, 0x00000000d7680000, 0x0000000100000000)
  eden space 31232K, 0% used [0x00000000d5580000,0x00000000d5580000,0x00000000d7400000)
  from space 1536K, 82% used [0x00000000d7400000,0x00000000d753d8b0,0x00000000d7580000)
  to   space 1024K, 0% used [0x00000000d7580000,0x00000000d7580000,0x00000000d7680000)
 ParOldGen       total 152064K, used 151975K [0x0000000080000000, 0x0000000089480000, 0x00000000d5580000Event: 135.342 {heap Before GC invocations=115 (full 3):
 PSYoungGen      total 32768K, used 32502K [0x00000000d5580000, 0x00000000d7680000, 0x0000000100000000)
  eden space 31232K, 100% used [0x00000000d5580000,0x00000000d7400000,0x00000000d7400000)
  from space 1536K, 82% used [0x00000000d7400000,0x00000000d753d8b0,0x00000000d7580000)
  to   space 1024K, 0% used [0x00000000d7580000,0x00000000d7580000,0x00000000d7680000)
 ParOldGen       total 152064K, used 151975K [0x0000000080000000, 0x0000000089480000, 0x00000000d558Event: 135.343 {heap After GC invocations=115 (full 3):
 PSYoungGen      total 32768K, used 753K [0x00000000d5580000, 0x00000000d7680000, 0x0000000100000000)
  eden space 31744K, 0% used [0x00000000d5580000,0x00000000d5580000,0x00000000d7480000)
  from space 1024K, 73% used [0x00000000d7580000,0x00000000d763c5d0,0x00000000d7680000)
  to   space 1024K, 0% used [0x00000000d7480000,0x00000000d7480000,0x00000000d7580000)
 ParOldGen       total 153088K, used 153055K [0x0000000080000000, 0x0000000089580000, 0x00000000d5580000)Event: 141.424 {heap Before GC invocations=116 (full 3):
 PSYoungGen      total 32768K, used 32497K [0x00000000d5580000, 0x00000000d7680000, 0x0000000100000000)
  eden space 31744K, 100% used [0x00000000d5580000,0x00000000d7480000,0x00000000d7480000)
  from space 1024K, 73% used [0x00000000d7580000,0x00000000d763c5d0,0x00000000d7680000)
  to   space 1024K, 0% used [0x00000000d7480000,0x00000000d7480000,0x00000000d7580000)
 ParOldGen       total 153088K, used 153055K [0x0000000080000000, 0x0000000089580000, 0x00000000d558Event: 141.425 {heap After GC invocations=116 (full 3):
 PSYoungGen      total 32256K, used 1008K [0x00000000d5580000, 0x00000000d7900000, 0x0000000100000000)
  eden space 31232K, 0% used [0x00000000d5580000,0x00000000d5580000,0x00000000d7400000)
  from space 1024K, 98% used [0x00000000d7480000,0x00000000d757c030,0x00000000d7580000)
  to   space 2560K, 0% used [0x00000000d7680000,0x00000000d7680000,0x00000000d7900000)
 ParOldGen       total 154624K, used 154330K [0x0000000080000000, 0x0000000089700000, 0x00000000d5580000Event: 141.714 {heap Before GC invocations=117 (full 3):
 PSYoungGen      total 32256K, used 32240K [0x00000000d5580000, 0x00000000d7900000, 0x0000000100000000)
  eden space 31232K, 100% used [0x00000000d5580000,0x00000000d7400000,0x00000000d7400000)
  from space 1024K, 98% used [0x00000000d7480000,0x00000000d757c030,0x00000000d7580000)
  to   space 2560K, 0% used [0x00000000d7680000,0x00000000d7680000,0x00000000d7900000)
 ParOldGen       total 154624K, used 154330K [0x0000000080000000, 0x0000000089700000, 0x00000000d558Event: 141.716 {heap After GC invocations=117 (full 3):
 PSYoungGen      total 32768K, used 1823K [0x00000000d5580000, 0x00000000d7880000, 0x0000000100000000)
  eden space 30720K, 0% used [0x00000000d5580000,0x00000000d5580000,0x00000000d7380000)
  from space 2048K, 89% used [0x00000000d7680000,0x00000000d7847e70,0x00000000d7880000)
  to   space 2048K, 0% used [0x00000000d7480000,0x00000000d7480000,0x00000000d7680000)
 ParOldGen       total 155648K, used 155230K [0x0000000080000000, 0x0000000089800000, 0x00000000d5580000Event: 141.845 {heap Before GC invocations=118 (full 3):
 PSYoungGen      total 32768K, used 32543K [0x00000000d5580000, 0x00000000d7880000, 0x0000000100000000)
  eden space 30720K, 100% used [0x00000000d5580000,0x00000000d7380000,0x00000000d7380000)
  from space 2048K, 89% used [0x00000000d7680000,0x00000000d7847e70,0x00000000d7880000)
  to   space 2048K, 0% used [0x00000000d7480000,0x00000000d7480000,0x00000000d7680000)
 ParOldGen       total 155648K, used 155230K [0x0000000080000000, 0x0000000089800000, 0x00000000d558Event: 141.846 {heap After GC invocations=118 (full 3):
 PSYoungGen      total 32256K, used 384K [0x00000000d5580000, 0x00000000d7700000, 0x0000000100000000)
  eden space 31744K, 0% used [0x00000000d5580000,0x00000000d5580000,0x00000000d7480000)
  from space 512K, 75% used [0x00000000d7480000,0x00000000d74e0000,0x00000000d7500000)
  to   space 1024K, 0% used [0x00000000d7600000,0x00000000d7600000,0x00000000d7700000)
 ParOldGen       total 156160K, used 155854K [0x0000000080000000, 0x0000000089880000, 0x00000000d5580000)
Event: 7941.403 {heap Before GC invocations=119 (full 3):
 PSYoungGen      total 32256K, used 32097K [0x00000000d5580000, 0x00000000d7700000, 0x0000000100000000)
  eden space 31744K, 99% used [0x00000000d5580000,0x00000000d74785b0,0x00000000d7480000)
  from space 512K, 75% used [0x00000000d7480000,0x00000000d74e0000,0x00000000d7500000)
  to   space 1024K, 0% used [0x00000000d7600000,0x00000000d7600000,0x00000000d7700000)
 ParOldGen       total 156160K, used 155854K [0x0000000080000000, 0x0000000089880000, 0x00000000d55800Event: 7941.491 {heap After GC invocations=119 (full 3):
 PSYoungGen      total 32256K, used 512K [0x00000000d5580000, 0x00000000d7680000, 0x0000000100000000)
  eden space 31744K, 0% used [0x00000000d5580000,0x00000000d5580000,0x00000000d7480000)
  from space 512K, 100% used [0x00000000d7600000,0x00000000d7680000,0x00000000d7680000)
  to   space 1024K, 0% used [0x00000000d7480000,0x00000000d7480000,0x00000000d7580000)
 ParOldGen       total 156160K, used 156050K [0x0000000080000000, 0x0000000089880000, 0x00000000d5580000)Event: 7942.193 {heap Before GC invocations=120 (full 3):
 PSYoungGen      total 32256K, used 32256K [0x00000000d5580000, 0x00000000d7680000, 0x0000000100000000)
  eden space 31744K, 100% used [0x00000000d5580000,0x00000000d7480000,0x00000000d7480000)
  from space 512K, 100% used [0x00000000d7600000,0x00000000d7680000,0x00000000d7680000)
  to   space 1024K, 0% used [0x00000000d7480000,0x00000000d7480000,0x00000000d7580000)
 ParOldGen       total 156160K, used 156050K [0x0000000080000000, 0x0000000089880000, 0x00000000d558Event: 7942.196 {heap After GC invocations=120 (full 3):
 PSYoungGen      total 32256K, used 1000K [0x00000000d5580000, 0x00000000d8100000, 0x0000000100000000)
  eden space 31232K, 0% used [0x00000000d5580000,0x00000000d5580000,0x00000000d7400000)
  from space 1024K, 97% used [0x00000000d7480000,0x00000000d757a2a8,0x00000000d7580000)
  to   space 6656K, 0% used [0x00000000d7a80000,0x00000000d7a80000,0x00000000d8100000)
 ParOldGen       total 160768K, used 160651K [0x0000000080000000, 0x0000000089d00000, 0x00000000d5580000Event: 7943.113 {heap Before GC invocations=121 (full 3):
 PSYoungGen      total 32256K, used 32232K [0x00000000d5580000, 0x00000000d8100000, 0x0000000100000000)
  eden space 31232K, 99% used [0x00000000d5580000,0x00000000d73fffd0,0x00000000d7400000)
  from space 1024K, 97% used [0x00000000d7480000,0x00000000d757a2a8,0x00000000d7580000)
  to   space 6656K, 0% used [0x00000000d7a80000,0x00000000d7a80000,0x00000000d8100000)
 ParOldGen       total 160768K, used 160651K [0x0000000080000000, 0x0000000089d00000, 0x00000000d5580Event: 7943.116 {heap After GC invocations=121 (full 3):
 PSYoungGen      total 35328K, used 4104K [0x00000000d5580000, 0x00000000d7f00000, 0x0000000100000000)
  eden space 30720K, 0% used [0x00000000d5580000,0x00000000d5580000,0x00000000d7380000)
  from space 4608K, 89% used [0x00000000d7a80000,0x00000000d7e82080,0x00000000d7f00000)
  to   space 4608K, 0% used [0x00000000d7600000,0x00000000d7600000,0x00000000d7a80000)
 ParOldGen       total 161792K, used 161660K [0x0000000080000000, 0x0000000089e00000, 0x00000000d5580000
Metaspace Usage History (20 events):
Event: 33.495 {metaspace Before GC invocations=112 (full 3):
 Metaspace       used 66550K, committed 67904K, reserved 1114112K
  class space    used 7010K, committed 7552K, reserved 1048576K
}
Event: 33.497 {metaspace After GC invocations=112 (full 3):
 Metaspace       used 66550K, committed 67904K, reserved 1114112K
  class space    used 7010K, committed 7552K, reserved 1048576K
}
Event: 33.665 {metaspace Before GC invocations=113 (full 3):
 Metaspace       used 66673K, committed 68032K, reserved 1114112K
  class space    used 7022K, committed 7552K, reserved 1048576K
}
Event: 33.667 {metaspace After GC invocations=113 (full 3):
 Metaspace       used 66673K, committed 68032K, reserved 1114112K
  class space    used 7022K, committed 7552K, reserved 1048576K
}
Event: 35.458 {metaspace Before GC invocations=114 (full 3):
 Metaspace       used 67923K, committed 69376K, reserved 1114112K
  class space    used 7158K, committed 7744K, reserved 1048576K
}
Event: 35.460 {metaspace After GC invocations=114 (full 3):
 Metaspace       used 67923K, committed 69376K, reserved 1114112K
  class space    used 7158K, committed 7744K, reserved 1048576K
}
Event: 135.342 {metaspace Before GC invocations=115 (full 3):
 Metaspace       used 69747K, committed 71232K, reserved 1114112K
  class space    used 7354K, committed 8000K, reserved 1048576K
}
Event: 135.343 {metaspace After GC invocations=115 (full 3):
 Metaspace       used 69747K, committed 71232K, reserved 1114112K
  class space    used 7354K, committed 8000K, reserved 1048576K
}
Event: 141.424 {metaspace Before GC invocations=116 (full 3):
 Metaspace       used 72687K, committed 74240K, reserved 1179648K
  class space    used 7786K, committed 8448K, reserved 1048576K
}
Event: 141.425 {metaspace After GC invocations=116 (full 3):
 Metaspace       used 72687K, committed 74240K, reserved 1179648K
  class space    used 7786K, committed 8448K, reserved 1048576K
}
Event: 141.714 {metaspace Before GC invocations=117 (full 3):
 Metaspace       used 72854K, committed 74432K, reserved 1179648K
  class space    used 7795K, committed 8448K, reserved 1048576K
}
Event: 141.716 {metaspace After GC invocations=117 (full 3):
 Metaspace       used 72854K, committed 74432K, reserved 1179648K
  class space    used 7795K, committed 8448K, reserved 1048576K
}
Event: 141.845 {metaspace Before GC invocations=118 (full 3):
 Metaspace       used 74664K, committed 76288K, reserved 1179648K
  class space    used 7984K, committed 8640K, reserved 1048576K
}
Event: 141.846 {metaspace After GC invocations=118 (full 3):
 Metaspace       used 74664K, committed 76288K, reserved 1179648K
  class space    used 7984K, committed 8640K, reserved 1048576K
}
Event: 7941.403 {metaspace Before GC invocations=119 (full 3):
 Metaspace       used 75465K, committed 76992K, reserved 1179648K
  class space    used 8116K, committed 8768K, reserved 1048576K
}
Event: 7941.491 {metaspace After GC invocations=119 (full 3):
 Metaspace       used 75465K, committed 76992K, reserved 1179648K
  class space    used 8116K, committed 8768K, reserved 1048576K
}
Event: 7942.193 {metaspace Before GC invocations=120 (full 3):
 Metaspace       used 75728K, committed 77248K, reserved 1179648K
  class space    used 8151K, committed 8768K, reserved 1048576K
}
Event: 7942.196 {metaspace After GC invocations=120 (full 3):
 Metaspace       used 75728K, committed 77248K, reserved 1179648K
  class space    used 8151K, committed 8768K, reserved 1048576K
}
Event: 7943.113 {metaspace Before GC invocations=121 (full 3):
 Metaspace       used 76682K, committed 78656K, reserved 1179648K
  class space    used 8347K, committed 9152K, reserved 1048576K
}
Event: 7943.116 {metaspace After GC invocations=121 (full 3):
 Metaspace       used 76682K, committed 78656K, reserved 1179648K
  class space    used 8347K, committed 9152K, reserved 1048576K
}

